{"level":"info","message":"Migrating languages","timestamp":"2022-07-26T07:56:29.314Z"}
{"level":"info","message":"\u001b[32mLanguages have been imported successfully!\u001b[39m","timestamp":"2022-07-26T07:56:29.330Z"}
{"level":"info","message":"Migrating environment","timestamp":"2022-07-26T07:56:29.335Z"}
{"level":"info","message":"\u001b[32mEnvironments have been imported successfully!\u001b[39m","timestamp":"2022-07-26T07:56:30.700Z"}
{"level":"info","message":"Migrating assets","timestamp":"2022-07-26T07:56:30.715Z"}
{"level":"info","message":"Created folder: 'Products'","timestamp":"2022-07-26T07:56:31.980Z"}
{"level":"info","message":"Created folder: 'Sunglasses'","timestamp":"2022-07-26T07:56:32.905Z"}
{"level":"info","message":"Created folder: 'Watches'","timestamp":"2022-07-26T07:56:34.193Z"}
{"level":"info","message":"Created folder: 'Icons'","timestamp":"2022-07-26T07:56:35.395Z"}
{"level":"info","message":"Created folder: 'Landing Page'","timestamp":"2022-07-26T07:56:36.628Z"}
{"level":"info","message":"Asset blt104595deaf946862 published successfully","timestamp":"2022-07-26T07:56:40.059Z"}
{"level":"info","message":"Asset blt5b2032f89fbcb330 published successfully","timestamp":"2022-07-26T07:56:43.112Z"}
{"level":"info","message":"Completed asset import of batch no: 1","timestamp":"2022-07-26T07:56:43.115Z"}
{"level":"info","message":"Asset bltbbe7231421e5d762 published successfully","timestamp":"2022-07-26T07:56:54.930Z"}
{"level":"info","message":"Completed asset import of batch no: 15","timestamp":"2022-07-26T07:56:54.932Z"}
{"level":"info","message":"Asset blt567d5ef3fa0a6c55 published successfully","timestamp":"2022-07-26T07:57:17.975Z"}
{"level":"info","message":"Asset blt7003c273207659b6 published successfully","timestamp":"2022-07-26T07:57:38.815Z"}
{"level":"info","message":"Completed asset import of batch no: 14","timestamp":"2022-07-26T07:57:38.816Z"}
{"level":"info","message":"Asset blte5545d753d1c6db2 published successfully","timestamp":"2022-07-26T07:57:40.967Z"}
{"level":"info","message":"Asset blt340223d31a1a6b14 published successfully","timestamp":"2022-07-26T07:57:58.873Z"}
{"level":"info","message":"Completed asset import of batch no: 13","timestamp":"2022-07-26T07:57:58.877Z"}
{"level":"info","message":"Asset blt6024908ce4d1c457 published successfully","timestamp":"2022-07-26T07:58:02.061Z"}
{"level":"info","message":"Asset bltc4aaffc1b92e8a35 published successfully","timestamp":"2022-07-26T07:58:04.414Z"}
{"level":"info","message":"Completed asset import of batch no: 12","timestamp":"2022-07-26T07:58:04.416Z"}
{"level":"info","message":"Asset bltecdeb17b1a600147 published successfully","timestamp":"2022-07-26T07:58:06.900Z"}
{"level":"info","message":"Asset blt7003e5e38dc25402 published successfully","timestamp":"2022-07-26T07:58:09.334Z"}
{"level":"info","message":"Completed asset import of batch no: 11","timestamp":"2022-07-26T07:58:09.336Z"}
{"level":"info","message":"Asset bltd5953cf3b20be4d7 published successfully","timestamp":"2022-07-26T07:58:18.894Z"}
{"level":"info","message":"Asset blt578fa1a8f2af95a2 published successfully","timestamp":"2022-07-26T07:58:40.702Z"}
{"level":"info","message":"Completed asset import of batch no: 10","timestamp":"2022-07-26T07:58:40.704Z"}
{"level":"info","message":"Asset blt623cea4eadfdc89a published successfully","timestamp":"2022-07-26T07:58:44.476Z"}
{"level":"info","message":"Asset bltdc3f9cc26f3f6d80 published successfully","timestamp":"2022-07-26T07:58:47.033Z"}
{"level":"info","message":"Completed asset import of batch no: 9","timestamp":"2022-07-26T07:58:47.034Z"}
{"level":"info","message":"Asset blt11d8ea8df0ec30ff published successfully","timestamp":"2022-07-26T07:58:50.392Z"}
{"level":"info","message":"Asset bltc1bfdbd1384fc0d2 published successfully","timestamp":"2022-07-26T07:58:53.695Z"}
{"level":"info","message":"Completed asset import of batch no: 8","timestamp":"2022-07-26T07:58:53.696Z"}
{"level":"info","message":"Asset blt804d6febd7d8ab35 published successfully","timestamp":"2022-07-26T07:58:56.537Z"}
{"level":"info","message":"Asset blt7361bb0d22cb8f51 published successfully","timestamp":"2022-07-26T07:59:13.074Z"}
{"level":"info","message":"Completed asset import of batch no: 7","timestamp":"2022-07-26T07:59:13.076Z"}
{"level":"info","message":"Asset blt0bfed92aebfe2e32 published successfully","timestamp":"2022-07-26T07:59:15.377Z"}
{"level":"info","message":"Asset blt76918f79288f5553 published successfully","timestamp":"2022-07-26T07:59:19.472Z"}
{"level":"info","message":"Completed asset import of batch no: 6","timestamp":"2022-07-26T07:59:19.474Z"}
{"level":"info","message":"Asset blt0740c27cf04b8c5e published successfully","timestamp":"2022-07-26T07:59:22.545Z"}
{"level":"info","message":"Asset blt12a0f0d0117754a4 published successfully","timestamp":"2022-07-26T07:59:24.851Z"}
{"level":"info","message":"Completed asset import of batch no: 5","timestamp":"2022-07-26T07:59:24.853Z"}
{"level":"info","message":"Asset bltf3dcf73d12362ed9 published successfully","timestamp":"2022-07-26T07:59:35.651Z"}
{"level":"info","message":"Asset blt10545e0abd8f62bf published successfully","timestamp":"2022-07-26T07:59:38.222Z"}
{"level":"info","message":"Completed asset import of batch no: 4","timestamp":"2022-07-26T07:59:38.223Z"}
{"level":"info","message":"Asset blte136d9667cd7c2d0 published successfully","timestamp":"2022-07-26T07:59:40.579Z"}
{"level":"info","message":"Asset bltf28a56587c62addd published successfully","timestamp":"2022-07-26T07:59:43.331Z"}
{"level":"info","message":"Completed asset import of batch no: 3","timestamp":"2022-07-26T07:59:43.333Z"}
{"level":"info","message":"Asset bltf50ef94e2b7d065c published successfully","timestamp":"2022-07-26T07:59:46.811Z"}
{"level":"info","message":"Asset blt4f407991195a19b5 published successfully","timestamp":"2022-07-26T07:59:49.733Z"}
{"level":"info","message":"Completed asset import of batch no: 2","timestamp":"2022-07-26T07:59:49.734Z"}
{"level":"info","message":"\u001b[32m29 assets uploaded successfully!\u001b[39m","timestamp":"2022-07-26T07:59:49.735Z"}
{"level":"info","message":"\u001b[37mMigrating extensions\u001b[39m","timestamp":"2022-07-26T07:59:49.739Z"}
{"level":"info","message":"\u001b[32mExtensions have been imported successfully!\u001b[39m","timestamp":"2022-07-26T07:59:51.183Z"}
{"level":"info","message":"\u001b[37mMigrating webhooks\u001b[39m","timestamp":"2022-07-26T07:59:51.191Z"}
{"level":"info","message":"\u001b[37mNo Webhooks Found\u001b[39m","timestamp":"2022-07-26T07:59:51.193Z"}
{"level":"info","message":"\u001b[37mMigrating global-fields\u001b[39m","timestamp":"2022-07-26T07:59:51.198Z"}
{"level":"info","message":"\u001b[32mglobalfields have been imported successfully!\u001b[39m","timestamp":"2022-07-26T07:59:51.200Z"}
{"level":"info","message":"Migrating contenttypes","timestamp":"2022-07-26T07:59:51.203Z"}
{"level":"info","message":"category was updated successfully!","timestamp":"2022-07-26T07:59:57.895Z"}
{"level":"info","message":"landing_pages was updated successfully!","timestamp":"2022-07-26T08:00:00.837Z"}
{"level":"info","message":"product was updated successfully!","timestamp":"2022-07-26T08:00:03.316Z"}
{"level":"info","message":"\u001b[32mContent types have been imported successfully!\u001b[39m","timestamp":"2022-07-26T08:00:03.317Z"}
{"level":"info","message":"\u001b[37mMigrating workflows\u001b[39m","timestamp":"2022-07-26T08:00:03.325Z"}
{"level":"info","message":"Migrating entries","timestamp":"2022-07-26T08:00:03.364Z"}
{"level":"info","message":"\u001b[37mSuppressing content type fields...\u001b[39m","timestamp":"2022-07-26T08:00:03.365Z"}
{"level":"info","message":"Creating entries for content type category in language en-us ...","timestamp":"2022-07-26T08:00:06.316Z"}
{"level":"info","message":"7 entries created successfully in category content type in en-us locale!","timestamp":"2022-07-26T08:00:15.799Z"}
{"level":"info","message":"Creating entries for content type product in language en-us ...","timestamp":"2022-07-26T08:00:15.800Z"}
{"level":"info","message":"4 entries created successfully in product content type in en-us locale!","timestamp":"2022-07-26T08:00:20.910Z"}
{"level":"info","message":"Creating entries for content type landing_pages in language en-us ...","timestamp":"2022-07-26T08:00:20.911Z"}
{"level":"info","message":"1 entries created successfully in landing_pages content type in en-us locale!","timestamp":"2022-07-26T08:00:22.348Z"}
{"level":"info","message":"\u001b[32mEntries created successfully in 'en-us' language\u001b[39m","timestamp":"2022-07-26T08:00:22.349Z"}
{"level":"info","message":"No entries without mapped uid found!","timestamp":"2022-07-26T08:00:22.349Z"}
{"level":"info","message":"Completed re-post entries batch no: 1 successfully!","timestamp":"2022-07-26T08:00:23.694Z"}
{"level":"info","message":"Imported entries of Content Type: 'landing_pages' in language: 'en-us' successfully!","timestamp":"2022-07-26T08:00:23.694Z"}
{"level":"info","message":"Completed re-post entries batch no: 1 successfully!","timestamp":"2022-07-26T08:00:25.913Z"}
{"level":"info","message":"Completed re-post entries batch no: 2 successfully!","timestamp":"2022-07-26T08:00:28.202Z"}
{"level":"info","message":"Imported entries of Content Type: 'product' in language: 'en-us' successfully!","timestamp":"2022-07-26T08:00:28.202Z"}
{"level":"info","message":"\u001b[32mImported entries in 'en-us' language successfully!\u001b[39m","timestamp":"2022-07-26T08:00:28.203Z"}
{"level":"info","message":"Successfully imported 'en-us' entries!","timestamp":"2022-07-26T08:00:28.203Z"}
{"level":"info","message":"\u001b[37mContent type: 'landing_pages' has been restored to its previous glory!\u001b[39m","timestamp":"2022-07-26T08:00:30.976Z"}
{"level":"info","message":"\u001b[37mContent type: 'product' has been restored to its previous glory!\u001b[39m","timestamp":"2022-07-26T08:00:33.640Z"}
{"level":"info","message":"Re-modified content type schemas to their original form!","timestamp":"2022-07-26T08:00:33.642Z"}
{"level":"info","message":"\u001b[32mThe stack has been eradicated from bugged entries!\u001b[39m","timestamp":"2022-07-26T08:00:33.645Z"}
{"level":"info","message":"\u001b[32mEntries have been imported successfully!\u001b[39m","timestamp":"2022-07-26T08:00:33.645Z"}
{"level":"info","message":"\u001b[32mAll the entries have been published successfully\u001b[39m","timestamp":"2022-07-26T08:00:48.094Z"}
{"level":"info","message":"\u001b[37mMigrating labels\u001b[39m","timestamp":"2022-07-26T08:00:48.107Z"}
{"level":"info","message":"\u001b[32mLabels have been imported successfully!\u001b[39m","timestamp":"2022-07-26T08:00:48.108Z"}
{"level":"info","message":"\u001b[32mStack: blt537aa61f56fc1018 has been imported succesfully!\u001b[39m","timestamp":"2022-07-26T08:00:48.109Z"}
{"level":"info","message":"The log for this is stored at contents/logs/import","timestamp":"2022-07-26T08:00:48.109Z"}
